# JRE version: Java(TM) SE Runtime Environment (8.0_20-b26) (build 1.8.0_20-b26)
# Java VM: Java HotSpot(TM) 64-Bit Server VM (25.20-b23 mixed mode windows-amd64 compressed oops)
Heap:
 PSYoungGen      total 403968K, used 1470K [0x00000000d5580000, 0x00000000fd500000, 0x0000000100000000)
  eden space 171008K, 0% used [0x00000000d5580000,0x00000000d56efb00,0x00000000dfc80000)
  from space 232960K, 0% used [0x00000000dfc80000,0x00000000dfc80000,0x00000000ee000000)
  to   space 231936K, 0% used [0x00000000ef280000,0x00000000ef280000,0x00000000fd500000)
 ParOldGen       total 1398272K, used 968450K [0x0000000080000000, 0x00000000d5580000, 0x00000000d5580000)
  object space 1398272K, 69% used [0x0000000080000000,0x00000000bb1c0bc8,0x00000000d5580000)
 Metaspace       used 20263K, capacity 20578K, committed 20992K, reserved 1067008K
  class space    used 2395K, capacity 2460K, committed 2560K, reserved 1048576K
GC Heap History (10 events):
Event: 1132.816 GC heap before
{Heap before GC invocations=193 (full 164):
 PSYoungGen      total 403968K, used 171008K [0x00000000d5580000, 0x00000000fd500000, 0x0000000100000000)
  eden space 171008K, 100% used [0x00000000d5580000,0x00000000dfc80000,0x00000000dfc80000)
  from space 232960K, 0% used [0x00000000dfc80000,0x00000000dfc80000,0x00000000ee000000)
  to   space 231936K, 0% used [0x00000000ef280000,0x00000000ef280000,0x00000000fd500000)
 ParOldGen       total 1398272K, used 1398272K [0x0000000080000000, 0x00000000d5580000, 0x00000000d5580000)
  object space 1398272K, 100% used [0x0000000080000000,0x00000000d5580000,0x00000000d5580000)
 Metaspace       used 20260K, capacity 20578K, committed 20992K, reserved 1067008K
  class space    used 2394K, capacity 2460K, committed 2560K, reserved 1048576K
Event: 1138.047 GC heap after
Heap after GC invocations=193 (full 164):
 PSYoungGen      total 403968K, used 171008K [0x00000000d5580000, 0x00000000fd500000, 0x0000000100000000)
  eden space 171008K, 100% used [0x00000000d5580000,0x00000000dfc80000,0x00000000dfc80000)
  from space 232960K, 0% used [0x00000000dfc80000,0x00000000dfc80000,0x00000000ee000000)
  to   space 231936K, 0% used [0x00000000ef280000,0x00000000ef280000,0x00000000fd500000)
 ParOldGen       total 1398272K, used 1398272K [0x0000000080000000, 0x00000000d5580000, 0x00000000d5580000)
  object space 1398272K, 100% used [0x0000000080000000,0x00000000d5580000,0x00000000d5580000)
 Metaspace       used 20260K, capacity 20578K, committed 20992K, reserved 1067008K
  class space    used 2394K, capacity 2460K, committed 2560K, reserved 1048576K
}
Event: 1138.047 GC heap before
{Heap before GC invocations=194 (full 165):
 PSYoungGen      total 403968K, used 171008K [0x00000000d5580000, 0x00000000fd500000, 0x0000000100000000)
  eden space 171008K, 100% used [0x00000000d5580000,0x00000000dfc80000,0x00000000dfc80000)
  from space 232960K, 0% used [0x00000000dfc80000,0x00000000dfc80000,0x00000000ee000000)
  to   space 231936K, 0% used [0x00000000ef280000,0x00000000ef280000,0x00000000fd500000)
 ParOldGen       total 1398272K, used 1398272K [0x0000000080000000, 0x00000000d5580000, 0x00000000d5580000)
  object space 1398272K, 100% used [0x0000000080000000,0x00000000d5580000,0x00000000d5580000)
 Metaspace       used 20260K, capacity 20578K, committed 20992K, reserved 1067008K
  class space    used 2394K, capacity 2460K, committed 2560K, reserved 1048576K
Event: 1143.233 GC heap after
Heap after GC invocations=194 (full 165):
 PSYoungGen      total 403968K, used 171008K [0x00000000d5580000, 0x00000000fd500000, 0x0000000100000000)
  eden space 171008K, 100% used [0x00000000d5580000,0x00000000dfc80000,0x00000000dfc80000)
  from space 232960K, 0% used [0x00000000dfc80000,0x00000000dfc80000,0x00000000ee000000)
  to   space 231936K, 0% used [0x00000000ef280000,0x00000000ef280000,0x00000000fd500000)
 ParOldGen       total 1398272K, used 1398272K [0x0000000080000000, 0x00000000d5580000, 0x00000000d5580000)
  object space 1398272K, 100% used [0x0000000080000000,0x00000000d5580000,0x00000000d5580000)
 Metaspace       used 20260K, capacity 20578K, committed 20992K, reserved 1067008K
  class space    used 2394K, capacity 2460K, committed 2560K, reserved 1048576K
}
Event: 1143.233 GC heap before
{Heap before GC invocations=195 (full 166):
 PSYoungGen      total 403968K, used 171008K [0x00000000d5580000, 0x00000000fd500000, 0x0000000100000000)
  eden space 171008K, 100% used [0x00000000d5580000,0x00000000dfc80000,0x00000000dfc80000)
  from space 232960K, 0% used [0x00000000dfc80000,0x00000000dfc80000,0x00000000ee000000)
  to   space 231936K, 0% used [0x00000000ef280000,0x00000000ef280000,0x00000000fd500000)
 ParOldGen       total 1398272K, used 1398272K [0x0000000080000000, 0x00000000d5580000, 0x00000000d5580000)
  object space 1398272K, 100% used [0x0000000080000000,0x00000000d5580000,0x00000000d5580000)
 Metaspace       used 20260K, capacity 20578K, committed 20992K, reserved 1067008K
  class space    used 2394K, capacity 2460K, committed 2560K, reserved 1048576K
Event: 1148.436 GC heap after
Heap after GC invocations=195 (full 166):
 PSYoungGen      total 403968K, used 171008K [0x00000000d5580000, 0x00000000fd500000, 0x0000000100000000)
  eden space 171008K, 100% used [0x00000000d5580000,0x00000000dfc80000,0x00000000dfc80000)
  from space 232960K, 0% used [0x00000000dfc80000,0x00000000dfc80000,0x00000000ee000000)
  to   space 231936K, 0% used [0x00000000ef280000,0x00000000ef280000,0x00000000fd500000)
 ParOldGen       total 1398272K, used 1398272K [0x0000000080000000, 0x00000000d5580000, 0x00000000d5580000)
  object space 1398272K, 100% used [0x0000000080000000,0x00000000d5580000,0x00000000d5580000)
 Metaspace       used 20260K, capacity 20578K, committed 20992K, reserved 1067008K
  class space    used 2394K, capacity 2460K, committed 2560K, reserved 1048576K
}
Event: 1148.436 GC heap before
{Heap before GC invocations=196 (full 167):
 PSYoungGen      total 403968K, used 171008K [0x00000000d5580000, 0x00000000fd500000, 0x0000000100000000)
  eden space 171008K, 100% used [0x00000000d5580000,0x00000000dfc80000,0x00000000dfc80000)
  from space 232960K, 0% used [0x00000000dfc80000,0x00000000dfc80000,0x00000000ee000000)
  to   space 231936K, 0% used [0x00000000ef280000,0x00000000ef280000,0x00000000fd500000)
 ParOldGen       total 1398272K, used 1398272K [0x0000000080000000, 0x00000000d5580000, 0x00000000d5580000)
  object space 1398272K, 100% used [0x0000000080000000,0x00000000d5580000,0x00000000d5580000)
 Metaspace       used 20260K, capacity 20578K, committed 20992K, reserved 1067008K
  class space    used 2394K, capacity 2460K, committed 2560K, reserved 1048576K
Event: 1153.662 GC heap after
Heap after GC invocations=196 (full 167):
 PSYoungGen      total 403968K, used 171008K [0x00000000d5580000, 0x00000000fd500000, 0x0000000100000000)
  eden space 171008K, 100% used [0x00000000d5580000,0x00000000dfc80000,0x00000000dfc80000)
  from space 232960K, 0% used [0x00000000dfc80000,0x00000000dfc80000,0x00000000ee000000)
  to   space 231936K, 0% used [0x00000000ef280000,0x00000000ef280000,0x00000000fd500000)
 ParOldGen       total 1398272K, used 1398272K [0x0000000080000000, 0x00000000d5580000, 0x00000000d5580000)
  object space 1398272K, 100% used [0x0000000080000000,0x00000000d5580000,0x00000000d5580000)
 Metaspace       used 20260K, capacity 20578K, committed 20992K, reserved 1067008K
  class space    used 2394K, capacity 2460K, committed 2560K, reserved 1048576K
}
Event: 1153.663 GC heap before
{Heap before GC invocations=197 (full 168):
 PSYoungGen      total 403968K, used 171008K [0x00000000d5580000, 0x00000000fd500000, 0x0000000100000000)
  eden space 171008K, 100% used [0x00000000d5580000,0x00000000dfc80000,0x00000000dfc80000)
  from space 232960K, 0% used [0x00000000dfc80000,0x00000000dfc80000,0x00000000ee000000)
  to   space 231936K, 0% used [0x00000000ef280000,0x00000000ef280000,0x00000000fd500000)
 ParOldGen       total 1398272K, used 1398272K [0x0000000080000000, 0x00000000d5580000, 0x00000000d5580000)
  object space 1398272K, 100% used [0x0000000080000000,0x00000000d5580000,0x00000000d5580000)
 Metaspace       used 20260K, capacity 20578K, committed 20992K, reserved 1067008K
  class space    used 2394K, capacity 2460K, committed 2560K, reserved 1048576K
Event: 1158.979 GC heap after
Heap after GC invocations=197 (full 168):
 PSYoungGen      total 403968K, used 0K [0x00000000d5580000, 0x00000000fd500000, 0x0000000100000000)
  eden space 171008K, 0% used [0x00000000d5580000,0x00000000d5580000,0x00000000dfc80000)
  from space 232960K, 0% used [0x00000000dfc80000,0x00000000dfc80000,0x00000000ee000000)
  to   space 231936K, 0% used [0x00000000ef280000,0x00000000ef280000,0x00000000fd500000)
 ParOldGen       total 1398272K, used 968450K [0x0000000080000000, 0x00000000d5580000, 0x00000000d5580000)
  object space 1398272K, 69% used [0x0000000080000000,0x00000000bb1c0bc8,0x00000000d5580000)
 Metaspace       used 20260K, capacity 20578K, committed 20992K, reserved 1067008K
  class space    used 2394K, capacity 2460K, committed 2560K, reserved 1048576K
}

